This file contains any messages produced by compilers while
running configure, to aid debugging if configure makes a mistake.

It was created by configure, which was
generated by GNU Autoconf 2.61.  Invocation command line was

  $ ./configure 

## --------- ##
## Platform. ##
## --------- ##

hostname = deepindev
uname -m = i686
uname -r = 3.8.0-32-generic
uname -s = Linux
uname -v = #47-Ubuntu SMP Tue Oct 1 21:36:40 UTC 2013

/usr/bin/uname -p = unknown
/bin/uname -X     = unknown

/bin/arch              = unknown
/usr/bin/arch -k       = unknown
/usr/convex/getsysinfo = unknown
/usr/bin/hostinfo      = unknown
/bin/machine           = unknown
/usr/bin/oslevel       = unknown
/bin/universe          = unknown

PATH: /opt/buildroot/usr/bin
PATH: /work/Qt5.1.1/5.1.1/gcc/bin
PATH: /usr/local/sbin
PATH: /usr/local/bin
PATH: /usr/sbin
PATH: /usr/bin
PATH: /sbin
PATH: /bin
PATH: /usr/games
PATH: /usr/local/games


## ----------- ##
## Core tests. ##
## ----------- ##

configure:1688: checking for a BSD-compatible install
configure:1744: result: /usr/bin/install -c
configure:1755: checking whether build environment is sane
configure:1798: result: yes
configure:1826: checking for a thread-safe mkdir -p
configure:1865: result: /bin/mkdir -p
configure:1878: checking for gawk
configure:1908: result: no
configure:1878: checking for mawk
configure:1894: found /usr/bin/mawk
configure:1905: result: mawk
configure:1916: checking whether make sets $(MAKE)
configure:1937: result: yes
configure:2138: checking for a BSD-compatible install
configure:2194: result: /usr/bin/install -c
configure:2218: checking for zinnia_convert
configure:2251: result: no
configure:2266: error: zinnia-convert is not found in your system

## ---------------- ##
## Cache variables. ##
## ---------------- ##

ac_cv_env_build_alias_set=
ac_cv_env_build_alias_value=
ac_cv_env_host_alias_set=
ac_cv_env_host_alias_value=
ac_cv_env_target_alias_set=
ac_cv_env_target_alias_value=
ac_cv_path_install='/usr/bin/install -c'
ac_cv_path_mkdir=/bin/mkdir
ac_cv_prog_AWK=mawk
ac_cv_prog_make_make_set=yes

## ----------------- ##
## Output variables. ##
## ----------------- ##

ACLOCAL='${SHELL} /data/project-dictionary-read-only/zinnia包及安装说明/zinnia-tomoe-0.6.0-20080911/missing --run aclocal-1.10'
AMTAR='${SHELL} /data/project-dictionary-read-only/zinnia包及安装说明/zinnia-tomoe-0.6.0-20080911/missing --run tar'
AUTOCONF='${SHELL} /data/project-dictionary-read-only/zinnia包及安装说明/zinnia-tomoe-0.6.0-20080911/missing --run autoconf'
AUTOHEADER='${SHELL} /data/project-dictionary-read-only/zinnia包及安装说明/zinnia-tomoe-0.6.0-20080911/missing --run autoheader'
AUTOMAKE='${SHELL} /data/project-dictionary-read-only/zinnia包及安装说明/zinnia-tomoe-0.6.0-20080911/missing --run automake-1.10'
AWK='mawk'
CYGPATH_W='echo'
DEFS=''
ECHO_C=''
ECHO_N='-n'
ECHO_T=''
INSTALL_DATA='${INSTALL} -m 644'
INSTALL_PROGRAM='${INSTALL}'
INSTALL_SCRIPT='${INSTALL}'
INSTALL_STRIP_PROGRAM='$(install_sh) -c -s'
LIBOBJS=''
LIBS=''
LTLIBOBJS=''
MAKEINFO='${SHELL} /data/project-dictionary-read-only/zinnia包及安装说明/zinnia-tomoe-0.6.0-20080911/missing --run makeinfo'
PACKAGE='zinnia-tomoe'
PACKAGE_BUGREPORT=''
PACKAGE_NAME=''
PACKAGE_STRING=''
PACKAGE_TARNAME=''
PACKAGE_VERSION=''
PATH_SEPARATOR=':'
SET_MAKE=''
SHELL='/bin/bash'
STRIP=''
VERSION='0.6.0-20080911'
ZINNIA_CONVERT='no'
ZINNIA_GENDATA=''
ZINNIA_TEXT_MODEL=''
am__isrc=''
am__leading_dot='.'
am__tar='${AMTAR} chof - "$$tardir"'
am__untar='${AMTAR} xf -'
bindir='${exec_prefix}/bin'
build_alias=''
datadir='${datarootdir}'
datarootdir='${prefix}/share'
docdir='${datarootdir}/doc/${PACKAGE}'
dvidir='${docdir}'
exec_prefix='NONE'
host_alias=''
htmldir='${docdir}'
includedir='${prefix}/include'
infodir='${datarootdir}/info'
install_sh='$(SHELL) /data/project-dictionary-read-only/zinnia包及安装说明/zinnia-tomoe-0.6.0-20080911/install-sh'
libdir='${exec_prefix}/lib'
libexecdir='${exec_prefix}/libexec'
localedir='${datarootdir}/locale'
localstatedir='${prefix}/var'
mandir='${datarootdir}/man'
mkdir_p='/bin/mkdir -p'
oldincludedir='/usr/include'
pdfdir='${docdir}'
prefix='NONE'
program_transform_name='s,x,x,'
psdir='${docdir}'
sbindir='${exec_prefix}/sbin'
sharedstatedir='${prefix}/com'
sysconfdir='${prefix}/etc'
target_alias=''

## ----------- ##
## confdefs.h. ##
## ----------- ##

#define PACKAGE_NAME ""
#define PACKAGE_TARNAME ""
#define PACKAGE_VERSION ""
#define PACKAGE_STRING ""
#define PACKAGE_BUGREPORT ""
#define PACKAGE "zinnia-tomoe"
#define VERSION "0.6.0-20080911"

configure: exit 1
